0 info it worked if it ends with ok
1 verbose cli [ 'node', '/usr/local/bin/npm', 'install', '-g', 'autosize' ]
2 info using npm@1.4.28
3 info using node@v0.10.35
4 verbose cache add [ 'autosize', null ]
5 verbose cache add name=undefined spec="autosize" args=["autosize",null]
6 verbose parsed url { protocol: null,
6 verbose parsed url   slashes: null,
6 verbose parsed url   auth: null,
6 verbose parsed url   host: null,
6 verbose parsed url   port: null,
6 verbose parsed url   hostname: null,
6 verbose parsed url   hash: null,
6 verbose parsed url   search: null,
6 verbose parsed url   query: null,
6 verbose parsed url   pathname: 'autosize',
6 verbose parsed url   path: 'autosize',
6 verbose parsed url   href: 'autosize' }
7 silly lockFile 19358b19-autosize autosize
8 verbose lock autosize /Users/follo/.npm/19358b19-autosize.lock
9 silly lockFile 19358b19-autosize autosize
10 silly lockFile 19358b19-autosize autosize
11 verbose addNamed [ 'autosize', '' ]
12 verbose addNamed [ null, '*' ]
13 silly lockFile 23b43e41-autosize autosize@
14 verbose lock autosize@ /Users/follo/.npm/23b43e41-autosize.lock
15 silly addNameRange { name: 'autosize', range: '*', hasData: false }
16 verbose request where is /autosize
17 verbose request registry https://registry.npmjs.org/
18 verbose request id c9dc4c82afaa3c93
19 verbose url raw /autosize
20 verbose url resolving [ 'https://registry.npmjs.org/', './autosize' ]
21 verbose url resolved https://registry.npmjs.org/autosize
22 verbose request where is https://registry.npmjs.org/autosize
23 info trying registry request attempt 1 at 09:43:03
24 verbose etag "8LBQPLSEN1TO68QKUSLSB8LWX"
25 http GET https://registry.npmjs.org/autosize
26 http 304 https://registry.npmjs.org/autosize
27 silly registry.get cb [ 304,
27 silly registry.get   { date: 'Tue, 08 Dec 2015 14:43:03 GMT',
27 silly registry.get     via: '1.1 varnish',
27 silly registry.get     'cache-control': 'max-age=60',
27 silly registry.get     etag: '"8LBQPLSEN1TO68QKUSLSB8LWX"',
27 silly registry.get     age: '0',
27 silly registry.get     connection: 'keep-alive',
27 silly registry.get     'x-served-by': 'cache-atl6229-ATL',
27 silly registry.get     'x-cache': 'HIT',
27 silly registry.get     'x-cache-hits': '1',
27 silly registry.get     'x-timer': 'S1449585783.335847,VS0,VE96',
27 silly registry.get     vary: 'Accept' } ]
28 verbose etag https://registry.npmjs.org/autosize from cache
29 silly addNameRange number 2 { name: 'autosize', range: '*', hasData: true }
30 silly addNameRange versions [ 'autosize',
30 silly addNameRange   [ '1.18.13',
30 silly addNameRange     '2.0.1',
30 silly addNameRange     '3.0.0',
30 silly addNameRange     '3.0.1',
30 silly addNameRange     '3.0.2',
30 silly addNameRange     '3.0.3',
30 silly addNameRange     '3.0.4',
30 silly addNameRange     '3.0.5',
30 silly addNameRange     '3.0.6',
30 silly addNameRange     '3.0.7',
30 silly addNameRange     '3.0.8',
30 silly addNameRange     '3.0.9',
30 silly addNameRange     '3.0.10',
30 silly addNameRange     '3.0.11',
30 silly addNameRange     '3.0.12',
30 silly addNameRange     '3.0.13',
30 silly addNameRange     '3.0.14' ] ]
31 verbose addNamed [ 'autosize', '3.0.14' ]
32 verbose addNamed [ '3.0.14', '3.0.14' ]
33 silly lockFile 7645d663-autosize-3-0-14 autosize@3.0.14
34 verbose lock autosize@3.0.14 /Users/follo/.npm/7645d663-autosize-3-0-14.lock
35 silly lockFile 7645d663-autosize-3-0-14 autosize@3.0.14
36 silly lockFile 7645d663-autosize-3-0-14 autosize@3.0.14
37 silly lockFile 23b43e41-autosize autosize@
38 silly lockFile 23b43e41-autosize autosize@
39 silly resolved [ { name: 'autosize',
39 silly resolved     description: 'Autosize is a small, stand-alone script to automatically adjust textarea height to fit text.',
39 silly resolved     version: '3.0.14',
39 silly resolved     keywords: [ 'textarea', 'form', 'ui' ],
39 silly resolved     author:
39 silly resolved      { name: 'Jack Moore',
39 silly resolved        email: 'hello@jacklmoore.com',
39 silly resolved        url: 'http://www.jacklmoore.com' },
39 silly resolved     main: 'dist/autosize.js',
39 silly resolved     license: 'MIT',
39 silly resolved     homepage: 'http://www.jacklmoore.com/autosize',
39 silly resolved     demo: 'http://www.jacklmoore.com/autosize',
39 silly resolved     repository:
39 silly resolved      { type: 'git',
39 silly resolved        url: 'git+ssh://git@github.com/jackmoore/autosize.git' },
39 silly resolved     dependencies: {},
39 silly resolved     devDependencies:
39 silly resolved      { babel: '^5.4.3',
39 silly resolved        gaze: '^0.5.1',
39 silly resolved        jshint: '^2.5.6',
39 silly resolved        'uglify-js': '^2.4.22' },
39 silly resolved     config: { bower: [Object], title: 'Autosize', filename: 'autosize' },
39 silly resolved     scripts: { build: 'node build' },
39 silly resolved     gitHead: '97a0f84414f8ddafa06d80555fa021823f01fc51',
39 silly resolved     bugs: { url: 'https://github.com/jackmoore/autosize/issues' },
39 silly resolved     _id: 'autosize@3.0.14',
39 silly resolved     _shasum: 'ecabb201c6bb722a51a3f7e0ddc474d23fd32b0a',
39 silly resolved     _from: 'autosize@',
39 silly resolved     _npmVersion: '3.3.10',
39 silly resolved     _nodeVersion: '4.2.1',
39 silly resolved     _npmUser: { name: 'jacklmoore', email: 'hello@jacklmoore.com' },
39 silly resolved     maintainers: [ [Object] ],
39 silly resolved     dist:
39 silly resolved      { shasum: 'ecabb201c6bb722a51a3f7e0ddc474d23fd32b0a',
39 silly resolved        tarball: 'http://registry.npmjs.org/autosize/-/autosize-3.0.14.tgz' },
39 silly resolved     directories: {},
39 silly resolved     _resolved: 'https://registry.npmjs.org/autosize/-/autosize-3.0.14.tgz',
39 silly resolved     readme: 'ERROR: No README data found!' } ]
40 info install autosize@3.0.14 into /usr/local/lib
41 info installOne autosize@3.0.14
42 verbose lib/node_modules/autosize unbuild
43 verbose tar unpack /Users/follo/.npm/autosize/3.0.14/package.tgz
44 silly lockFile f5131a27--local-lib-node-modules-autosize tar:///usr/local/lib/node_modules/autosize
45 verbose lock tar:///usr/local/lib/node_modules/autosize /Users/follo/.npm/f5131a27--local-lib-node-modules-autosize.lock
46 silly lockFile b941af36--npm-autosize-3-0-14-package-tgz tar:///Users/follo/.npm/autosize/3.0.14/package.tgz
47 verbose lock tar:///Users/follo/.npm/autosize/3.0.14/package.tgz /Users/follo/.npm/b941af36--npm-autosize-3-0-14-package-tgz.lock
48 silly gunzTarPerm modes [ '755', '644' ]
49 error Error: EACCES, mkdir '/usr/local/lib/node_modules/autosize'
49 error  { [Error: EACCES, mkdir '/usr/local/lib/node_modules/autosize']
49 error   errno: 3,
49 error   code: 'EACCES',
49 error   path: '/usr/local/lib/node_modules/autosize',
49 error   fstream_type: 'Directory',
49 error   fstream_path: '/usr/local/lib/node_modules/autosize',
49 error   fstream_class: 'DirWriter',
49 error   fstream_stack:
49 error    [ '/usr/local/lib/node_modules/npm/node_modules/fstream/lib/dir-writer.js:36:23',
49 error      '/usr/local/lib/node_modules/npm/node_modules/mkdirp/index.js:46:53',
49 error      'Object.oncomplete (fs.js:108:15)' ] }
50 error Please try running this command again as root/Administrator.
51 error System Darwin 14.5.0
52 error command "node" "/usr/local/bin/npm" "install" "-g" "autosize"
53 error cwd /Users/follo/Desktop/ADS/Web/Wordly
54 error node -v v0.10.35
55 error npm -v 1.4.28
56 error path /usr/local/lib/node_modules/autosize
57 error fstream_path /usr/local/lib/node_modules/autosize
58 error fstream_type Directory
59 error fstream_class DirWriter
60 error code EACCES
61 error errno 3
62 error stack Error: EACCES, mkdir '/usr/local/lib/node_modules/autosize'
63 error fstream_stack /usr/local/lib/node_modules/npm/node_modules/fstream/lib/dir-writer.js:36:23
63 error fstream_stack /usr/local/lib/node_modules/npm/node_modules/mkdirp/index.js:46:53
63 error fstream_stack Object.oncomplete (fs.js:108:15)
64 verbose exit [ 3, true ]
